\BOOKMARK [1][-]{section.1}{\376\377\116\313\176\315\000O\000x\000f\000o\000r\000d\000\040\000N\000a\000n\000o\000p\000o\000r\000e\166\204\123\237\164\006\060\001\117\030\177\072\160\271\060\001\136\224\165\050}{}% 1
\BOOKMARK [2][-]{subsection.1.1}{\376\377\000O\000x\000f\000o\000r\000d\000\040\000N\000a\000n\000o\000p\000o\000r\000e\162\133\155\045\176\263\174\163\133\124\155\113\136\217\142\200\147\057\166\204\123\237\164\006}{section.1}% 2
\BOOKMARK [3][-]{subsubsection.1.1.1}{\376\377\000M\000i\000n\000i\000o\000n\142\200\147\057\123\237\164\006\124\214\155\113\136\217\153\145\232\244}{subsection.1.1}% 3
\BOOKMARK [3][-]{subsubsection.1.1.2}{\376\377\000B\000a\000s\000e\000c\000a\000l\000l\000e\000r\165\065\155\101\117\341\123\367\211\343\170\001\173\227\154\325}{subsection.1.1}% 4
\BOOKMARK [3][-]{subsubsection.1.1.3}{\376\377\123\237\164\006\140\073\176\323}{subsection.1.1}% 5
\BOOKMARK [2][-]{subsection.1.2}{\376\377\000O\000x\000f\000o\000r\000d\000\040\000N\000a\000n\000o\000p\000o\000r\000e\162\133\155\045\176\263\174\163\133\124\155\113\136\217\142\200\147\057\166\204\117\030\177\072\160\271}{section.1}% 6
\BOOKMARK [3][-]{subsubsection.1.2.1}{\376\377\117\030\160\271}{subsection.1.2}% 7
\BOOKMARK [3][-]{subsubsection.1.2.2}{\376\377\177\072\160\271}{subsection.1.2}% 8
\BOOKMARK [3][-]{subsubsection.1.2.3}{\376\377\116\016\173\054\116\000\060\001\116\214\116\343\155\113\136\217\153\324\217\203}{subsection.1.2}% 9
\BOOKMARK [2][-]{subsection.1.3}{\376\377\000O\000x\000f\000o\000r\000d\000\040\000N\000a\000n\000o\000p\000o\000r\000e\162\133\155\045\176\263\174\163\133\124\155\113\136\217\142\200\147\057\166\204\136\224\165\050}{section.1}% 10
\BOOKMARK [3][-]{subsubsection.1.3.1}{\376\377\130\153\210\145\123\302\200\003\127\372\126\340\176\304\116\055\166\204\172\172\177\072}{subsection.1.3}% 11
\BOOKMARK [3][-]{subsubsection.1.3.2}{\376\377\136\372\172\313\145\260\166\204\123\302\200\003\127\372\126\340\176\304}{subsection.1.3}% 12
\BOOKMARK [3][-]{subsubsection.1.3.3}{\376\377\213\306\122\053\131\047\127\213\176\323\147\204\123\330\137\002\000\050\000S\000V\000\051}{subsection.1.3}% 13
\BOOKMARK [3][-]{subsubsection.1.3.4}{\376\377\210\150\137\201\121\150\225\177\217\154\137\125\176\304\124\214\131\015\147\102\217\154\137\125\116\213\116\366}{subsection.1.3}% 14
\BOOKMARK [3][-]{subsubsection.1.3.5}{\376\377\150\300\155\113\000R\000N\000A\117\356\231\160}{subsection.1.3}% 15
\BOOKMARK [3][-]{subsubsection.1.3.6}{\376\377\166\114\165\307\170\024\172\166\154\273\165\227}{subsection.1.3}% 16
\BOOKMARK [1][-]{section.2}{\376\377\173\200\217\360\142\021\167\345\220\123\166\204\000R\000N\000A\166\204\171\315\174\173\124\214\122\237\200\375}{}% 17
\BOOKMARK [2][-]{subsection.2.1}{\376\377\000m\000R\000N\000A\377\010\117\341\117\177\000R\000N\000A\377\011}{section.2}% 18
\BOOKMARK [2][-]{subsection.2.2}{\376\377\000t\000R\000N\000A\377\010\217\154\217\320\000R\000N\000A\377\011}{section.2}% 19
\BOOKMARK [2][-]{subsection.2.3}{\376\377\000r\000R\000N\000A\377\010\150\070\174\326\117\123\000R\000N\000A\377\011}{section.2}% 20
\BOOKMARK [2][-]{subsection.2.4}{\376\377\000s\000n\000R\000N\000A\377\010\134\017\150\070\000R\000N\000A\377\011}{section.2}% 21
\BOOKMARK [2][-]{subsection.2.5}{\376\377\000s\000n\000o\000R\000N\000A\377\010\134\017\150\070\116\301\000R\000N\000A\377\011}{section.2}% 22
\BOOKMARK [2][-]{subsection.2.6}{\376\377\000m\000i\000R\000N\000A\377\010\137\256\134\017\000R\000N\000A\377\011}{section.2}% 23
\BOOKMARK [2][-]{subsection.2.7}{\376\377\000l\000n\000c\000R\000N\000A\377\010\225\177\227\136\177\026\170\001\000R\000N\000A\377\011}{section.2}% 24
\BOOKMARK [2][-]{subsection.2.8}{\376\377\000p\000i\000R\000N\000A\377\010\000P\000i\000w\000i\000-\000i\000n\000t\000e\000r\000a\000c\000t\000i\000n\000g\000\040\000R\000N\000A\377\011}{section.2}% 25
\BOOKMARK [2][-]{subsection.2.9}{\376\377\000c\000i\000r\000c\000R\000N\000A\377\010\163\257\162\266\000R\000N\000A\377\011}{section.2}% 26
\BOOKMARK [1][-]{section.3}{\376\377\154\333\127\372\126\340\176\304\133\146\000\050\000P\000a\000n\000-\000g\000e\000n\000o\000m\000e\000\051\377\032\121\205\133\271\060\001\136\224\165\050\127\072\146\157\060\001\170\024\172\166\133\236\117\213}{}% 27
\BOOKMARK [2][-]{subsection.3.1}{\376\377\121\205\133\271}{section.3}% 28
\BOOKMARK [2][-]{subsection.3.2}{\376\377\136\224\165\050\127\072\146\157}{section.3}% 29
\BOOKMARK [3][-]{subsubsection.3.2.1}{\376\377\117\134\162\151\127\372\126\340\176\304\133\146\060\001\200\262\171\315\124\214\217\333\123\026\170\024\172\166}{subsection.3.2}% 30
\BOOKMARK [3][-]{subsubsection.3.2.2}{\376\377\170\024\172\166\116\015\124\014\124\301\171\315\176\323\147\204\123\330\137\002\137\161\124\315\127\372\126\340\135\356\137\002\210\150\217\276}{subsection.3.2}% 31
\BOOKMARK [3][-]{subsubsection.3.2.3}{\376\377\176\323\124\010\000G\000W\000A\000S\145\160\143\156\143\125\203\267\146\364\133\214\145\164\166\204\220\127\117\040\123\330\137\002\117\341\140\157}{subsection.3.2}% 32
\BOOKMARK [2][-]{subsection.3.3}{\376\377\170\024\172\166\133\236\117\213\377\032\116\232\155\062\172\073\174\163\154\333\127\372\126\340\176\304\120\022\117\115\143\007\145\160}{section.3}% 33
\BOOKMARK [3][-]{subsubsection.3.3.1}{\376\377\170\024\172\166\200\314\146\157\124\214\121\205\133\271}{subsection.3.3}% 34
\BOOKMARK [3][-]{subsubsection.3.3.2}{\376\377\154\064\172\073\120\022\117\115\143\007\145\160\151\202\217\360}{subsection.3.3}% 35
\BOOKMARK [3][-]{subsubsection.3.3.3}{\376\377\174\373\176\337\123\321\200\262\150\021\122\006\147\220}{subsection.3.3}% 36
\BOOKMARK [3][-]{subsubsection.3.3.4}{\376\377\121\166\116\326\122\006\147\220\124\214\176\323\147\234\151\202\211\201}{subsection.3.3}% 37
\BOOKMARK [3][-]{subsubsection.3.3.5}{\376\377\127\372\126\340\176\304\120\022\117\115\166\204\222\164\133\232\116\016\213\304\117\060\145\271\154\325}{subsection.3.3}% 38
\BOOKMARK [3][-]{subsubsection.3.3.6}{\376\377\170\024\172\166\133\236\117\213\140\073\176\323\124\214\134\125\147\033}{subsection.3.3}% 39
